2024/12/03 13:08:34 AzcopyVersion  10.27.1
2024/12/03 13:08:34 OS-Environment  windows
2024/12/03 13:08:34 OS-Architecture  amd64
2024/12/03 13:08:34 Log times are in UTC. Local time is 3 Dec 2024 18:38:34
2024/12/03 13:08:34 ISO 8601 START TIME: to copy files that changed before or after this job started, use the parameter --include-before=2024-12-03T13:08:29Z or --include-after=2024-12-03T13:08:29Z
2024/12/03 13:08:36 ==> REQUEST/RESPONSE (Try=1/296.4564ms, OpTime=1.0086053s) -- RESPONSE STATUS CODE ERROR
   GET https://8179847.blob.core.windows.net/new?restype=container&se=2024-12-03T21%3A04%3A29Z&sig=-REDACTED-&sp=rcwd&spr=https&sr=c&st=2024-12-03T13%3A04%3A29Z&sv=2022-11-02
   Accept: application/xml
   User-Agent: AzCopy/10.27.1 azsdk-go-azblob/v1.4.0 (go1.23.1; Windows_NT)
   X-Ms-Client-Request-Id: 7ae8405a-1f0b-4764-47e5-997276a0e1af
   x-ms-version: 2023-08-03
   --------------------------------------------------------------------------------
   RESPONSE Status: 403 This request is not authorized to perform this operation.
   Content-Length: 246
   Content-Type: application/xml
   Date: Tue, 03 Dec 2024 13:08:35 GMT
   Server: Windows-Azure-Blob/1.0 Microsoft-HTTPAPI/2.0
   X-Ms-Client-Request-Id: 7ae8405a-1f0b-4764-47e5-997276a0e1af
   X-Ms-Error-Code: AuthorizationFailure
   X-Ms-Request-Id: 39db5a1d-001e-0008-1384-4549e4000000
   X-Ms-Version: 2023-08-03
Response Details: ﻿<Code>AuthorizationFailure</Code><Message>This request is not authorized to perform this operation. </Message>

2024/12/03 13:08:37 ==> REQUEST/RESPONSE (Try=1/231.2651ms, OpTime=231.2651ms) -- RESPONSE STATUS CODE ERROR
   PUT https://8179847.blob.core.windows.net/new?restype=container&se=2024-12-03T21%3A04%3A29Z&sig=-REDACTED-&sp=rcwd&spr=https&sr=c&st=2024-12-03T13%3A04%3A29Z&sv=2022-11-02
   Accept: application/xml
   User-Agent: AzCopy/10.27.1 azsdk-go-azblob/v1.4.0 (go1.23.1; Windows_NT)
   X-Ms-Client-Request-Id: b4a6744c-d2fb-406b-7aff-7322c16a6830
   x-ms-version: 2023-08-03
   --------------------------------------------------------------------------------
   RESPONSE Status: 403 This request is not authorized to perform this operation.
   Content-Length: 246
   Content-Type: application/xml
   Date: Tue, 03 Dec 2024 13:08:35 GMT
   Server: Windows-Azure-Blob/1.0 Microsoft-HTTPAPI/2.0
   X-Ms-Client-Request-Id: b4a6744c-d2fb-406b-7aff-7322c16a6830
   X-Ms-Error-Code: AuthorizationFailure
   X-Ms-Request-Id: 39db5b01-001e-0008-6c84-4549e4000000
   X-Ms-Version: 2023-08-03
Response Details: ﻿<Code>AuthorizationFailure</Code><Message>This request is not authorized to perform this operation. </Message>

2024/12/03 13:08:37 WARN: Failed to create destination container new. The transfer will continue if the container exists
2024/12/03 13:08:37 Any empty folders will not be processed, because source and/or destination doesn't have full folder support
2024/12/03 13:08:37 Job-Command copy https://8179847.blob.core.windows.net/data/Change%20Data%20Jul'23%20to%20Jul'24%201.xlsx?se=2024-12-03t21%3A02%3A10z&sig=-REDACTED-&sp=r&spr=https&sr=b&st=2024-12-03t13%3A02%3A10z&sv=2022-11-02 https://8179847.blob.core.windows.net/new?se=2024-12-03t21%3A04%3A29z&sig=-REDACTED-&sp=rcwd&spr=https&sr=c&st=2024-12-03t13%3A04%3A29z&sv=2022-11-02 
2024/12/03 13:08:37 Number of CPUs: 16
2024/12/03 13:08:37 Max file buffer RAM 8.000 GB
2024/12/03 13:08:37 Max concurrent network operations: 256 (Based on number of CPUs. Set AZCOPY_CONCURRENCY_VALUE environment variable to override)
2024/12/03 13:08:37 Check CPU usage when dynamically tuning concurrency: true (Based on hard-coded default. Set AZCOPY_TUNE_TO_CPU environment variable to true or false override)
2024/12/03 13:08:37 Max concurrent transfer initiation routines: 64 (Based on hard-coded default. Set AZCOPY_CONCURRENT_FILES environment variable to override)
2024/12/03 13:08:37 Max enumeration routines: 16 (Based on hard-coded default. Set AZCOPY_CONCURRENT_SCAN environment variable to override)
2024/12/03 13:08:37 Parallelize getting file properties (file.Stat): false (Based on AZCOPY_PARALLEL_STAT_FILES environment variable)
2024/12/03 13:08:37 Max open files when downloading: 2147482978 (auto-computed)
2024/12/03 13:08:37 Final job part has been created
2024/12/03 13:08:37 Final job part has been scheduled
2024/12/03 13:08:37 INFO: [P#0-T#0] Starting transfer: Source "https://8179847.blob.core.windows.net/data/Change%20Data%20Jul%2723%20to%20Jul%2724%201.xlsx" Destination "https://8179847.blob.core.windows.net/new/Change%20Data%20Jul%2723%20to%20Jul%2724%201.xlsx". Specified chunk size 8388608
2024/12/03 13:08:38 ==> REQUEST/RESPONSE (Try=1/233.4997ms, OpTime=951.7987ms) -- RESPONSE SUCCESSFULLY RECEIVED
   GET https://8179847.blob.core.windows.net/new/Change%20Data%20Jul%2723%20to%20Jul%2724%201.xlsx?comp=properties&restype=account&se=2024-12-03T21%3A04%3A29Z&sig=-REDACTED-&sp=rcwd&spr=https&sr=c&st=2024-12-03T13%3A04%3A29Z&sv=2022-11-02
   X-Ms-Request-Id: [857e0763-c01e-00f0-6484-4582f9000000]

2024/12/03 13:08:38 ==> REQUEST/RESPONSE (Try=1/275.108ms, OpTime=275.108ms) -- RESPONSE SUCCESSFULLY RECEIVED
   PUT https://8179847.blob.core.windows.net/new/Change%20Data%20Jul%2723%20to%20Jul%2724%201.xlsx?se=2024-12-03T21%3A04%3A29Z&sig=-REDACTED-&sp=rcwd&spr=https&sr=c&st=2024-12-03T13%3A04%3A29Z&sv=2022-11-02
   X-Ms-Request-Id: [857e07ec-c01e-00f0-6384-4582f9000000]

2024/12/03 13:08:39 ==> REQUEST/RESPONSE (Try=1/234.7465ms, OpTime=234.7465ms) -- RESPONSE SUCCESSFULLY RECEIVED
   HEAD https://8179847.blob.core.windows.net/new/Change%20Data%20Jul%2723%20to%20Jul%2724%201.xlsx?se=2024-12-03T21%3A04%3A29Z&sig=-REDACTED-&sp=rcwd&spr=https&sr=c&st=2024-12-03T13%3A04%3A29Z&sv=2022-11-02
   X-Ms-Request-Id: [857e089d-c01e-00f0-0684-4582f9000000]

2024/12/03 13:08:39 INFO: [P#0-T#0] COPYSUCCESSFUL: https://8179847.blob.core.windows.net/new/Change%20Data%20Jul%2723%20to%20Jul%2724%201.xlsx
2024/12/03 13:08:39 JobID=009e44c7-bbff-a64a-4bbe-ec2f42770458, Part#=0, TransfersDone=1 of 1
2024/12/03 13:08:39 all parts of entire Job 009e44c7-bbff-a64a-4bbe-ec2f42770458 successfully completed, cancelled or paused
2024/12/03 13:08:39 is part of Job which 1 total number of parts done 
2024/12/03 13:08:39 PERF: primary performance constraint is Unknown. States: W:  0, F:  0, S:  0, E:  0, T:  0, GRs: 256
2024/12/03 13:08:39 100.0 %, 1 Done, 0 Failed, 0 Pending, 0 Skipped, 1 Total, 2-sec Throughput (Mb/s): 0.7264
2024/12/03 13:08:39 

Diagnostic stats:
IOPS: 1
End-to-end ms per request: 486
Network Errors: 0.00%
Server Busy: 0.00%


Job 009e44c7-bbff-a64a-4bbe-ec2f42770458 summary
Elapsed Time (Minutes): 0.0335
Number of File Transfers: 1
Number of Folder Property Transfers: 0
Number of Symlink Transfers: 0
Total Number of Transfers: 1
Number of File Transfers Completed: 1
Number of Folder Transfers Completed: 0
Number of File Transfers Failed: 0
Number of Folder Transfers Failed: 0
Number of File Transfers Skipped: 0
Number of Folder Transfers Skipped: 0
Total Number of Bytes Transferred: 182721
Final Job Status: Completed

2024/12/03 13:08:39 Closing Log
